# JRE version: OpenJDK Runtime Environment (11.0.8+10) (build 11.0.8+10-b944.6842174)
# Java VM: OpenJDK 64-Bit Server VM (11.0.8+10-b944.6842174, mixed mode, tiered, compressed oops, g1 gc, windows-amd64)
Heap:
 garbage-first heap   total 189440K, used 161671K [0x0000000080000000, 0x0000000100000000)
  region size 1024K, 10 young (10240K), 2 survivors (2048K)
 Metaspace       used 85506K, capacity 92173K, committed 92440K, reserved 1128448K
  class space    used 11165K, capacity 13632K, committed 13644K, reserved 1048576K
GC Heap History (20 events):
Event: 36.377 GC heap before
{Heap before GC invocations=40 (full 0):
 garbage-first heap   total 189440K, used 156375K [0x0000000080000000, 0x0000000100000000)
  region size 1024K, 23 young (23552K), 2 survivors (2048K)
 Metaspace       used 84870K, capacity 91409K, committed 91672K, reserved 1128448K
  class space    used 11088K, capacity 13590K, committed 13644K, reserved 1048576K
}
Event: 36.389 GC heap after
{Heap after GC invocations=41 (full 0):
 garbage-first heap   total 189440K, used 138939K [0x0000000080000000, 0x0000000100000000)
  region size 1024K, 3 young (3072K), 3 survivors (3072K)
 Metaspace       used 84870K, capacity 91409K, committed 91672K, reserved 1128448K
  class space    used 11088K, capacity 13590K, committed 13644K, reserved 1048576K
}
Event: 57.013 GC heap before
{Heap before GC invocations=41 (full 0):
 garbage-first heap   total 189440K, used 158395K [0x0000000080000000, 0x0000000100000000)
  region size 1024K, 22 young (22528K), 3 survivors (3072K)
 Metaspace       used 85506K, capacity 92173K, committed 92440K, reserved 1128448K
  class space    used 11165K, capacity 13632K, committed 13644K, reserved 1048576K
}
Event: 57.020 GC heap after
{Heap after GC invocations=42 (full 0):
 garbage-first heap   total 189440K, used 141861K [0x0000000080000000, 0x0000000100000000)
  region size 1024K, 3 young (3072K), 3 survivors (3072K)
 Metaspace       used 85506K, capacity 92173K, committed 92440K, reserved 1128448K
  class space    used 11165K, capacity 13632K, committed 13644K, reserved 1048576K
}
Event: 57.233 GC heap before
{Heap before GC invocations=42 (full 0):
 garbage-first heap   total 189440K, used 160293K [0x0000000080000000, 0x0000000100000000)
  region size 1024K, 21 young (21504K), 3 survivors (3072K)
 Metaspace       used 85506K, capacity 92173K, committed 92440K, reserved 1128448K
  class space    used 11165K, capacity 13632K, committed 13644K, reserved 1048576K
}
Event: 57.236 GC heap after
{Heap after GC invocations=43 (full 0):
 garbage-first heap   total 189440K, used 143360K [0x0000000080000000, 0x0000000100000000)
  region size 1024K, 2 young (2048K), 2 survivors (2048K)
 Metaspace       used 85506K, capacity 92173K, committed 92440K, reserved 1128448K
  class space    used 11165K, capacity 13632K, committed 13644K, reserved 1048576K
}
Event: 57.459 GC heap before
{Heap before GC invocations=43 (full 0):
 garbage-first heap   total 189440K, used 161792K [0x0000000080000000, 0x0000000100000000)
  region size 1024K, 20 young (20480K), 2 survivors (2048K)
 Metaspace       used 85506K, capacity 92173K, committed 92440K, reserved 1128448K
  class space    used 11165K, capacity 13632K, committed 13644K, reserved 1048576K
}
Event: 57.462 GC heap after
{Heap after GC invocations=44 (full 0):
 garbage-first heap   total 189440K, used 145146K [0x0000000080000000, 0x0000000100000000)
  region size 1024K, 2 young (2048K), 2 survivors (2048K)
 Metaspace       used 85506K, capacity 92173K, committed 92440K, reserved 1128448K
  class space    used 11165K, capacity 13632K, committed 13644K, reserved 1048576K
}
Event: 57.673 GC heap before
{Heap before GC invocations=44 (full 0):
 garbage-first heap   total 189440K, used 161530K [0x0000000080000000, 0x0000000100000000)
  region size 1024K, 19 young (19456K), 2 survivors (2048K)
 Metaspace       used 85506K, capacity 92173K, committed 92440K, reserved 1128448K
  class space    used 11165K, capacity 13632K, committed 13644K, reserved 1048576K
}
Event: 57.677 GC heap after
{Heap after GC invocations=45 (full 0):
 garbage-first heap   total 189440K, used 147141K [0x0000000080000000, 0x0000000100000000)
  region size 1024K, 3 young (3072K), 3 survivors (3072K)
 Metaspace       used 85506K, capacity 92173K, committed 92440K, reserved 1128448K
  class space    used 11165K, capacity 13632K, committed 13644K, reserved 1048576K
}
Event: 57.859 GC heap before
{Heap before GC invocations=45 (full 0):
 garbage-first heap   total 189440K, used 162501K [0x0000000080000000, 0x0000000100000000)
  region size 1024K, 18 young (18432K), 3 survivors (3072K)
 Metaspace       used 85506K, capacity 92173K, committed 92440K, reserved 1128448K
  class space    used 11165K, capacity 13632K, committed 13644K, reserved 1048576K
}
Event: 57.864 GC heap after
{Heap after GC invocations=46 (full 0):
 garbage-first heap   total 189440K, used 148912K [0x0000000080000000, 0x0000000100000000)
  region size 1024K, 2 young (2048K), 2 survivors (2048K)
 Metaspace       used 85506K, capacity 92173K, committed 92440K, reserved 1128448K
  class space    used 11165K, capacity 13632K, committed 13644K, reserved 1048576K
}
Event: 58.043 GC heap before
{Heap before GC invocations=46 (full 0):
 garbage-first heap   total 189440K, used 164272K [0x0000000080000000, 0x0000000100000000)
  region size 1024K, 17 young (17408K), 2 survivors (2048K)
 Metaspace       used 85506K, capacity 92173K, committed 92440K, reserved 1128448K
  class space    used 11165K, capacity 13632K, committed 13644K, reserved 1048576K
}
Event: 58.047 GC heap after
{Heap after GC invocations=47 (full 0):
 garbage-first heap   total 189440K, used 150339K [0x0000000080000000, 0x0000000100000000)
  region size 1024K, 3 young (3072K), 3 survivors (3072K)
 Metaspace       used 85506K, capacity 92173K, committed 92440K, reserved 1128448K
  class space    used 11165K, capacity 13632K, committed 13644K, reserved 1048576K
}
Event: 58.199 GC heap before
{Heap before GC invocations=47 (full 0):
 garbage-first heap   total 189440K, used 164675K [0x0000000080000000, 0x0000000100000000)
  region size 1024K, 17 young (17408K), 3 survivors (3072K)
 Metaspace       used 85506K, capacity 92173K, committed 92440K, reserved 1128448K
  class space    used 11165K, capacity 13632K, committed 13644K, reserved 1048576K
}
Event: 58.203 GC heap after
{Heap after GC invocations=48 (full 0):
 garbage-first heap   total 189440K, used 151773K [0x0000000080000000, 0x0000000100000000)
  region size 1024K, 3 young (3072K), 3 survivors (3072K)
 Metaspace       used 85506K, capacity 92173K, committed 92440K, reserved 1128448K
  class space    used 11165K, capacity 13632K, committed 13644K, reserved 1048576K
}
Event: 58.349 GC heap before
{Heap before GC invocations=48 (full 0):
 garbage-first heap   total 189440K, used 165085K [0x0000000080000000, 0x0000000100000000)
  region size 1024K, 16 young (16384K), 3 survivors (3072K)
 Metaspace       used 85506K, capacity 92173K, committed 92440K, reserved 1128448K
  class space    used 11165K, capacity 13632K, committed 13644K, reserved 1048576K
}
Event: 58.353 GC heap after
{Heap after GC invocations=49 (full 0):
 garbage-first heap   total 189440K, used 153278K [0x0000000080000000, 0x0000000100000000)
  region size 1024K, 2 young (2048K), 2 survivors (2048K)
 Metaspace       used 85506K, capacity 92173K, committed 92440K, reserved 1128448K
  class space    used 11165K, capacity 13632K, committed 13644K, reserved 1048576K
}
Event: 58.491 GC heap before
{Heap before GC invocations=49 (full 0):
 garbage-first heap   total 189440K, used 164542K [0x0000000080000000, 0x0000000100000000)
  region size 1024K, 13 young (13312K), 2 survivors (2048K)
 Metaspace       used 85506K, capacity 92173K, committed 92440K, reserved 1128448K
  class space    used 11165K, capacity 13632K, committed 13644K, reserved 1048576K
}
Event: 58.494 GC heap after
{Heap after GC invocations=50 (full 0):
 garbage-first heap   total 189440K, used 154503K [0x0000000080000000, 0x0000000100000000)
  region size 1024K, 2 young (2048K), 2 survivors (2048K)
 Metaspace       used 85506K, capacity 92173K, committed 92440K, reserved 1128448K
  class space    used 11165K, capacity 13632K, committed 13644K, reserved 1048576K
}

